2026-04-27 22:08:01.590 [info] Reading sessions from keychain...
2026-04-27 22:08:01.590 [info] Getting sessions for all scopes...
2026-04-27 22:08:01.590 [info] Got 0 sessions for ...
2026-04-27 22:08:01.590 [info] Getting sessions for all scopes...
2026-04-27 22:08:01.590 [info] Got 0 sessions for ...
2026-04-27 22:08:01.590 [info] Getting sessions for all scopes...
2026-04-27 22:08:01.590 [info] Got 0 sessions for ...
2026-04-27 22:08:01.590 [info] Getting sessions for all scopes...
2026-04-27 22:08:01.590 [info] Got 0 sessions for ...
2026-04-27 22:08:03.749 [info] Getting sessions for all scopes...
2026-04-27 22:08:03.749 [info] Got 0 sessions for ...
2026-04-27 22:08:24.621 [info] Reading sessions from keychain...
2026-04-27 22:08:24.622 [info] Getting sessions for all scopes...
2026-04-27 22:08:24.622 [info] Got 0 sessions for ...
2026-04-27 22:08:24.622 [info] Getting sessions for all scopes...
2026-04-27 22:08:24.622 [info] Got 0 sessions for ...
2026-04-27 22:08:24.622 [info] Getting sessions for all scopes...
2026-04-27 22:08:24.622 [info] Got 0 sessions for ...
2026-04-27 22:08:24.622 [info] Getting sessions for all scopes...
2026-04-27 22:08:24.622 [info] Got 0 sessions for ...
2026-04-27 22:08:26.772 [info] Getting sessions for all scopes...
2026-04-27 22:08:26.772 [info] Got 0 sessions for ...
2026-04-27 22:08:27.867 [info] Getting sessions for read:user,repo,user:email,workflow...
2026-04-27 22:08:27.867 [info] Got 0 sessions for read:user,repo,user:email,workflow...
2026-04-27 22:08:32.324 [info] Getting sessions for read:user,repo,user:email,workflow...
2026-04-27 22:08:32.324 [info] Got 0 sessions for read:user,repo,user:email,workflow...
2026-04-27 22:08:35.995 [info] Logging in with 'any' account...
2026-04-27 22:08:35.995 [info] Logging in for the following scopes: read:user repo user:email workflow
2026-04-27 22:08:36.045 [info] Trying with local server... (read:user repo user:email workflow)
2026-04-27 22:08:39.141 [info] Exchanging code for token...
2026-04-27 22:08:39.483 [info] Token exchange success!
2026-04-27 22:08:39.487 [info] Getting user info...
2026-04-27 22:08:39.881 [info] Got account info!
2026-04-27 22:08:39.883 [info] Storing 1 sessions...
2026-04-27 22:08:40.423 [info] FetcherService: Node fetch failed with status: 429 Too Many Requests
2026-04-27 22:08:40.423 [info] Unable to resolve optional EDU details. Status: 429 Too Many Requests
2026-04-27 22:08:42.174 [info] Reading sessions from keychain...
2026-04-27 22:08:42.174 [info] Stored 1 sessions!
2026-04-27 22:08:42.174 [info] Login success!
2026-04-27 22:08:42.175 [info] Got stored sessions!
2026-04-27 22:08:42.175 [info] Got 1 verified sessions.
2026-04-27 22:08:42.175 [info] Getting sessions for read:user,repo,user:email,workflow...
2026-04-27 22:08:42.176 [info] Got 1 sessions for read:user,repo,user:email,workflow...
2026-04-27 22:08:42.276 [info] Getting sessions for all scopes...
2026-04-27 22:08:42.276 [info] Got 1 sessions for ...
2026-04-27 22:08:42.276 [info] Getting sessions for all scopes...
2026-04-27 22:08:42.277 [info] Got 1 sessions for ...
2026-04-27 22:08:45.314 [info] Getting sessions for all scopes...
2026-04-27 22:08:45.314 [info] Got 1 sessions for ...
2026-04-27 22:08:45.314 [info] Getting sessions for all scopes...
2026-04-27 22:08:45.314 [info] Got 1 sessions for ...
2026-04-27 22:08:45.367 [info] Getting sessions for read:user,repo,user:email,workflow...
2026-04-27 22:08:45.367 [info] Got 1 sessions for read:user,repo,user:email,workflow...
2026-04-27 22:08:45.372 [info] Getting sessions for all scopes...
2026-04-27 22:08:45.372 [info] Got 1 sessions for ...
2026-04-27 22:08:45.373 [info] Getting sessions for read:user,repo,user:email,workflow...
2026-04-27 22:08:45.373 [info] Got 1 sessions for read:user,repo,user:email,workflow...
2026-04-27 22:08:45.546 [info] Getting sessions for all scopes...
2026-04-27 22:08:45.546 [info] Got 1 sessions for ...
2026-04-27 22:08:45.546 [info] Getting sessions for all scopes...
2026-04-27 22:08:45.546 [info] Got 1 sessions for ...
2026-04-27 22:08:45.550 [info] Getting sessions for read:user,repo,user:email,workflow...
2026-04-27 22:08:45.550 [info] Got 1 sessions for read:user,repo,user:email,workflow...
2026-04-27 22:08:45.872 [info] Getting sessions for all scopes...
2026-04-27 22:08:45.872 [info] Got 1 sessions for ...
2026-04-27 22:08:45.909 [info] Getting sessions for all scopes...
2026-04-27 22:08:45.909 [info] Got 1 sessions for ...
2026-04-27 22:08:45.923 [info] Getting sessions for read:user,repo,user:email,workflow...
2026-04-27 22:08:45.923 [info] Got 1 sessions for read:user,repo,user:email,workflow...
2026-04-27 22:08:45.962 [info] Getting sessions for all scopes...
2026-04-27 22:08:45.962 [info] Got 1 sessions for ...
2026-04-27 22:08:45.963 [info] Getting sessions for all scopes...
2026-04-27 22:08:45.963 [info] Got 1 sessions for ...
2026-04-27 22:08:45.976 [info] Getting sessions for read:user,repo,user:email,workflow...
2026-04-27 22:08:45.976 [info] Got 1 sessions for read:user,repo,user:email,workflow...
2026-04-27 22:08:46.053 [info] Getting sessions for all scopes...
2026-04-27 22:08:46.053 [info] Got 1 sessions for ...
2026-04-27 22:08:46.053 [info] Getting sessions for all scopes...
2026-04-27 22:08:46.053 [info] Got 1 sessions for ...
2026-04-27 22:08:46.299 [info] Getting sessions for all scopes...
2026-04-27 22:08:46.299 [info] Got 1 sessions for ...
2026-04-27 22:08:46.307 [info] Getting sessions for read:user,repo,user:email,workflow...
2026-04-27 22:08:46.307 [info] Got 1 sessions for read:user,repo,user:email,workflow...
2026-04-27 22:09:53.283 [info] Getting sessions for all scopes...
2026-04-27 22:09:53.283 [info] Got 1 sessions for ...
2026-04-27 22:09:53.284 [info] Getting sessions for all scopes...
2026-04-27 22:09:53.284 [info] Got 1 sessions for ...
2026-04-27 22:09:54.669 [info] Getting sessions for all scopes...
2026-04-27 22:09:54.669 [info] Got 1 sessions for ...
2026-04-27 22:09:54.671 [info] Getting sessions for read:user,repo,user:email,workflow...
2026-04-27 22:09:54.672 [info] Got 1 sessions for read:user,repo,user:email,workflow...
2026-04-27 22:09:57.475 [info] Getting sessions for all scopes...
2026-04-27 22:09:57.475 [info] Got 1 sessions for ...
2026-04-27 22:09:57.508 [info] Getting sessions for read:user,repo,user:email,workflow...
2026-04-27 22:09:57.508 [info] Got 1 sessions for read:user,repo,user:email,workflow...
2026-04-27 22:10:15.961 [info] Getting sessions for all scopes...
2026-04-27 22:10:15.961 [info] Got 1 sessions for ...
2026-04-27 22:10:15.961 [info] Getting sessions for all scopes...
2026-04-27 22:10:15.961 [info] Got 1 sessions for ...
2026-04-27 22:11:04.302 [info] Getting sessions for all scopes...
2026-04-27 22:11:04.302 [info] Got 1 sessions for ...
2026-04-27 22:11:04.302 [info] Getting sessions for all scopes...
2026-04-27 22:11:04.302 [info] Got 1 sessions for ...
2026-04-27 22:11:05.337 [info] Getting sessions for all scopes...
2026-04-27 22:11:05.337 [info] Got 1 sessions for ...
2026-04-27 22:11:05.338 [info] Getting sessions for all scopes...
2026-04-27 22:11:05.338 [info] Got 1 sessions for ...
2026-04-27 22:11:06.502 [info] Getting sessions for all scopes...
2026-04-27 22:11:06.502 [info] Got 1 sessions for ...
2026-04-27 22:11:06.502 [info] Getting sessions for all scopes...
2026-04-27 22:11:06.502 [info] Got 1 sessions for ...
