2026-04-27 22:08:01.688 [info] [main] Log level: Info
2026-04-27 22:08:01.688 [info] [main] Validating found git in: "git"
2026-04-27 22:08:01.688 [info] [main] Using git "2.54.0" from "git"
2026-04-27 22:08:01.688 [info] [Model][doInitialScan] Initial repository scan started
2026-04-27 22:08:01.688 [info] [Model][doInitialScan] Initial repository scan completed - repositories (0), closed repositories (0), parent repositories (0), unsafe repositories (0)
2026-04-27 22:08:27.811 [info] [main] Log level: Info
2026-04-27 22:08:27.811 [info] [main] Validating found git in: "git"
2026-04-27 22:08:27.811 [info] [main] Using git "2.54.0" from "git"
2026-04-27 22:08:27.811 [info] [Model][doInitialScan] Initial repository scan started
2026-04-27 22:08:27.811 [info] > git rev-parse --show-toplevel [1ms]
2026-04-27 22:08:27.814 [info] > git rev-parse --git-dir --git-common-dir --show-superproject-working-tree [1ms]
2026-04-27 22:08:27.824 [info] [Model][openRepository] Opened repository (path): /home/artemis/.config
2026-04-27 22:08:27.824 [info] [Model][openRepository] Opened repository (real path): /home/artemis/.config
2026-04-27 22:08:27.824 [info] [Model][openRepository] Opened repository (kind): repository
2026-04-27 22:08:27.832 [info] > git config --get commit.template [4ms]
2026-04-27 22:08:27.832 [info] > git config --get --local core.virtualfilesystem [5ms]
2026-04-27 22:08:27.832 [warning] [Git][config] git config failed: Failed to execute git
2026-04-27 22:08:27.833 [info] > git rev-parse --show-toplevel [2ms]
2026-04-27 22:08:27.838 [info] > git for-each-ref --format=%(refname)%00%(upstream:short)%00%(objectname)%00%(upstream:track)%00%(upstream:remotename)%00%(upstream:remoteref) refs/heads/feature/waybar refs/remotes/feature/waybar [2ms]
2026-04-27 22:08:27.838 [info] > git rev-parse --show-toplevel [1ms]
2026-04-27 22:08:27.845 [info] > git status -z -uall [2ms]
2026-04-27 22:08:27.845 [info] > git rev-parse --show-toplevel [5ms]
2026-04-27 22:08:27.848 [info] > git rev-parse --show-toplevel [1ms]
2026-04-27 22:08:27.848 [info] > git for-each-ref --sort -committerdate --format %(refname)%00%(objectname)%00%(*objectname) [3ms]
2026-04-27 22:08:27.862 [info] > git for-each-ref --format=%(refname)%00%(upstream:short)%00%(objectname)%00%(upstream:track)%00%(upstream:remotename)%00%(upstream:remoteref) refs/heads/feature/waybar refs/remotes/feature/waybar [4ms]
2026-04-27 22:08:27.865 [info] > git config --get --local branch.feature/waybar.vscode-merge-base [2ms]
2026-04-27 22:08:27.867 [info] > git config --get commit.template [4ms]
2026-04-27 22:08:27.867 [info] > git rev-parse --show-toplevel [7ms]
2026-04-27 22:08:27.869 [info] > git for-each-ref --format=%(refname)%00%(upstream:short)%00%(objectname)%00%(upstream:track)%00%(upstream:remotename)%00%(upstream:remoteref) refs/heads/origin/dev refs/remotes/origin/dev [3ms]
2026-04-27 22:08:27.873 [info] > git rev-parse --show-toplevel [5ms]
2026-04-27 22:08:27.875 [info] > git merge-base refs/heads/feature/waybar refs/remotes/origin/feature/waybar [4ms]
2026-04-27 22:08:27.877 [info] > git rev-parse --show-toplevel [2ms]
2026-04-27 22:08:27.877 [info] > git for-each-ref --format=%(refname)%00%(upstream:short)%00%(objectname)%00%(upstream:track)%00%(upstream:remotename)%00%(upstream:remoteref) refs/heads/feature/waybar refs/remotes/feature/waybar [4ms]
2026-04-27 22:08:27.879 [info] > git diff --raw --numstat --diff-filter=ADMR -z --find-renames=50% 550c142c1be155732c2c57eeb618a6f8c08385b1...refs/remotes/origin/feature/waybar -- [2ms]
2026-04-27 22:08:27.879 [info] > git rev-parse --show-toplevel [1ms]
2026-04-27 22:08:27.884 [info] > git status -z -uall [4ms]
2026-04-27 22:08:27.884 [info] > git for-each-ref --sort -committerdate --format %(refname)%00%(objectname)%00%(*objectname) [2ms]
2026-04-27 22:08:27.886 [info] > git rev-parse --show-toplevel [3ms]
2026-04-27 22:08:27.889 [info] > git rev-parse --show-toplevel [0ms]
2026-04-27 22:08:27.891 [info] > git rev-parse --show-toplevel [0ms]
2026-04-27 22:08:27.893 [info] > git rev-parse --show-toplevel [0ms]
2026-04-27 22:08:27.895 [info] > git rev-parse --show-toplevel [0ms]
2026-04-27 22:08:27.897 [info] > git rev-parse --show-toplevel [0ms]
2026-04-27 22:08:27.899 [info] > git rev-parse --show-toplevel [0ms]
2026-04-27 22:08:27.901 [info] > git rev-parse --show-toplevel [1ms]
2026-04-27 22:08:27.903 [info] > git rev-parse --show-toplevel [1ms]
2026-04-27 22:08:27.905 [info] > git rev-parse --show-toplevel [1ms]
2026-04-27 22:08:27.908 [info] > git rev-parse --show-toplevel [2ms]
2026-04-27 22:08:27.911 [info] > git rev-parse --show-toplevel [1ms]
2026-04-27 22:08:27.913 [info] [Model][doInitialScan] Initial repository scan completed - repositories (1), closed repositories (0), parent repositories (0), unsafe repositories (0)
2026-04-27 22:08:28.342 [info] > git check-ignore -v -z --stdin [4ms]
2026-04-27 22:08:32.268 [info] > git log --format=%H%n%aN%n%aE%n%at%n%ct%n%P%n%D%n%B -z --shortstat --diff-merges=first-parent -n50 --skip=0 --topo-order --decorate=full --stdin [6ms]
2026-04-27 22:08:32.349 [info] > git merge-base feature/waybar origin/feature/waybar [1ms]
2026-04-27 22:08:32.830 [info] > git check-ignore -v -z --stdin [4ms]
2026-04-27 22:08:45.957 [info] > git config --get commit.template [5ms]
2026-04-27 22:08:45.968 [info] > git for-each-ref --format=%(refname)%00%(upstream:short)%00%(objectname)%00%(upstream:track)%00%(upstream:remotename)%00%(upstream:remoteref) refs/heads/feature/waybar refs/remotes/feature/waybar [1ms]
2026-04-27 22:08:45.976 [info] > git status -z -uall [4ms]
2026-04-27 22:08:45.976 [info] > git for-each-ref --sort -committerdate --format %(refname)%00%(objectname)%00%(*objectname) [1ms]
2026-04-27 22:08:46.004 [info] > git config --get commit.template [20ms]
2026-04-27 22:08:46.013 [info] > git for-each-ref --format=%(refname)%00%(upstream:short)%00%(objectname)%00%(upstream:track)%00%(upstream:remotename)%00%(upstream:remoteref) refs/heads/feature/waybar refs/remotes/feature/waybar [4ms]
2026-04-27 22:08:46.020 [info] > git status -z -uall [3ms]
2026-04-27 22:08:46.020 [info] > git for-each-ref --sort -committerdate --format %(refname)%00%(objectname)%00%(*objectname) [0ms]
2026-04-27 22:08:46.026 [info] > git config --get commit.template [1ms]
2026-04-27 22:08:46.031 [info] > git for-each-ref --format=%(refname)%00%(upstream:short)%00%(objectname)%00%(upstream:track)%00%(upstream:remotename)%00%(upstream:remoteref) refs/heads/feature/waybar refs/remotes/feature/waybar [2ms]
2026-04-27 22:08:46.037 [info] > git status -z -uall [3ms]
2026-04-27 22:08:46.038 [info] > git for-each-ref --sort -committerdate --format %(refname)%00%(objectname)%00%(*objectname) [1ms]
2026-04-27 22:08:46.044 [info] > git diff -- hypr/hyprland.conf [1ms]
2026-04-27 22:08:46.049 [info] > git diff -- waybar/config [1ms]
2026-04-27 22:08:46.054 [info] > git diff -- waybar/style.css [1ms]
2026-04-27 22:08:46.203 [info] > git log --format=%H%n%aN%n%aE%n%at%n%ct%n%P%n%D%n%B -z -n5 [20ms]
2026-04-27 22:08:46.208 [info] > git config --get --local user.name [1ms]
2026-04-27 22:08:46.208 [warning] [Git][config] git config failed: Failed to execute git
2026-04-27 22:08:46.211 [info] > git log --format=%H%n%aN%n%aE%n%at%n%ct%n%P%n%D%n%B -z -n5 [0ms]
2026-04-27 22:08:46.671 [info] > git check-ignore -v -z --stdin [1ms]
2026-04-27 22:09:53.219 [info] > git config --get commit.template [16ms]
2026-04-27 22:09:53.219 [info] > git for-each-ref --format=%(refname)%00%(upstream:short)%00%(objectname)%00%(upstream:track)%00%(upstream:remotename)%00%(upstream:remoteref) refs/heads/feature/waybar refs/remotes/feature/waybar [3ms]
2026-04-27 22:09:53.230 [info] > git status -z -uall [4ms]
2026-04-27 22:09:53.231 [info] > git for-each-ref --sort -committerdate --format %(refname)%00%(objectname)%00%(*objectname) [1ms]
2026-04-27 22:09:53.895 [info] > git check-ignore -v -z --stdin [3ms]
2026-04-27 22:09:58.267 [info] > git config --get commit.template [15ms]
2026-04-27 22:09:58.269 [info] > git for-each-ref --format=%(refname)%00%(upstream:short)%00%(objectname)%00%(upstream:track)%00%(upstream:remotename)%00%(upstream:remoteref) refs/heads/feature/waybar refs/remotes/feature/waybar [4ms]
2026-04-27 22:09:58.288 [info] > git status -z -uall [8ms]
2026-04-27 22:09:58.290 [info] > git for-each-ref --sort -committerdate --format %(refname)%00%(objectname)%00%(*objectname) [2ms]
2026-04-27 22:10:03.325 [info] > git config --get commit.template [13ms]
2026-04-27 22:10:03.326 [info] > git for-each-ref --format=%(refname)%00%(upstream:short)%00%(objectname)%00%(upstream:track)%00%(upstream:remotename)%00%(upstream:remoteref) refs/heads/feature/waybar refs/remotes/feature/waybar [2ms]
2026-04-27 22:10:03.346 [info] > git status -z -uall [9ms]
2026-04-27 22:10:03.349 [info] > git for-each-ref --sort -committerdate --format %(refname)%00%(objectname)%00%(*objectname) [4ms]
2026-04-27 22:10:10.098 [info] > git config --get commit.template [4ms]
2026-04-27 22:10:10.113 [info] > git for-each-ref --format=%(refname)%00%(upstream:short)%00%(objectname)%00%(upstream:track)%00%(upstream:remotename)%00%(upstream:remoteref) refs/heads/feature/waybar refs/remotes/feature/waybar [2ms]
2026-04-27 22:10:10.137 [info] > git status -z -uall [12ms]
2026-04-27 22:10:10.139 [info] > git for-each-ref --sort -committerdate --format %(refname)%00%(objectname)%00%(*objectname) [3ms]
2026-04-27 22:10:11.526 [info] > git log --format=%H%n%aN%n%aE%n%at%n%ct%n%P%n%D%n%B -z --shortstat --diff-merges=first-parent -n50 --skip=0 --topo-order --decorate=full --stdin [1ms]
2026-04-27 22:10:12.053 [info] > git check-ignore -v -z --stdin [1ms]
2026-04-27 22:10:12.263 [info] > git merge-base feature/waybar origin/feature/waybar [1ms]
2026-04-27 22:10:17.012 [info] > git check-ignore -v -z --stdin [2ms]
2026-04-27 22:10:21.099 [info] > git config --get commit.template [2ms]
2026-04-27 22:10:21.103 [info] > git for-each-ref --format=%(refname)%00%(upstream:short)%00%(objectname)%00%(upstream:track)%00%(upstream:remotename)%00%(upstream:remoteref) refs/heads/feature/waybar refs/remotes/feature/waybar [1ms]
2026-04-27 22:10:21.112 [info] > git status -z -uall [5ms]
2026-04-27 22:10:21.113 [info] > git for-each-ref --sort -committerdate --format %(refname)%00%(objectname)%00%(*objectname) [2ms]
2026-04-27 22:10:25.794 [info] > git check-ignore -v -z --stdin [3ms]
2026-04-27 22:10:32.781 [info] > git check-ignore -v -z --stdin [1ms]
2026-04-27 22:10:35.265 [info] > git check-ignore -v -z --stdin [2ms]
2026-04-27 22:10:38.665 [info] > git show --textconv HEAD:hypr/hyprland.conf [4ms]
2026-04-27 22:10:38.667 [info] > git ls-tree -l HEAD -- hypr/hyprland.conf [3ms]
2026-04-27 22:10:38.723 [info] > git blame --root --incremental 550c142c1be155732c2c57eeb618a6f8c08385b1 -- hypr/hyprland.conf [1ms]
2026-04-27 22:10:38.931 [info] > git check-ignore -v -z --stdin [4ms]
2026-04-27 22:10:38.952 [info] > git show --textconv :hypr/hyprland.conf [8ms]
2026-04-27 22:10:38.952 [info] > git ls-files --stage -- hypr/hyprland.conf [1ms]
2026-04-27 22:10:38.960 [info] > git cat-file -s b63b245e6c339616559bada7e0cc99946d6fc115 [1ms]
2026-04-27 22:10:41.105 [info] > git config --get commit.template [1ms]
2026-04-27 22:10:41.110 [info] > git for-each-ref --format=%(refname)%00%(upstream:short)%00%(objectname)%00%(upstream:track)%00%(upstream:remotename)%00%(upstream:remoteref) refs/heads/feature/waybar refs/remotes/feature/waybar [0ms]
2026-04-27 22:10:41.118 [info] > git status -z -uall [4ms]
2026-04-27 22:10:41.119 [info] > git for-each-ref --sort -committerdate --format %(refname)%00%(objectname)%00%(*objectname) [1ms]
2026-04-27 22:10:41.473 [info] > git check-ignore -v -z --stdin [2ms]
2026-04-27 22:10:43.423 [info] > git show --textconv HEAD:waybar/style.css [4ms]
2026-04-27 22:10:43.425 [info] > git ls-tree -l HEAD -- waybar/style.css [3ms]
2026-04-27 22:10:43.668 [info] > git check-ignore -v -z --stdin [3ms]
2026-04-27 22:10:43.680 [info] > git show --textconv :waybar/style.css [5ms]
2026-04-27 22:10:43.681 [info] > git ls-files --stage -- waybar/style.css [1ms]
2026-04-27 22:10:43.686 [info] > git cat-file -s 18ab21685bdb7796226f950e3fc9e617c78c3bfe [0ms]
2026-04-27 22:10:43.928 [info] > git show --textconv HEAD:waybar/config [5ms]
2026-04-27 22:10:43.929 [info] > git ls-tree -l HEAD -- waybar/config [2ms]
2026-04-27 22:10:43.949 [info] > git blame --root --incremental 550c142c1be155732c2c57eeb618a6f8c08385b1 -- waybar/config [1ms]
2026-04-27 22:10:44.164 [info] > git check-ignore -v -z --stdin [3ms]
2026-04-27 22:10:44.182 [info] > git show --textconv :waybar/config [7ms]
2026-04-27 22:10:44.183 [info] > git ls-files --stage -- waybar/config [1ms]
2026-04-27 22:10:44.188 [info] > git cat-file -s 226e116e1098705a52e2b5e1011de5745b855c32 [1ms]
2026-04-27 22:10:46.010 [info] > git show --textconv HEAD:waybar/style.css [5ms]
2026-04-27 22:10:46.013 [info] > git ls-tree -l HEAD -- waybar/style.css [3ms]
2026-04-27 22:10:46.251 [info] > git check-ignore -v -z --stdin [3ms]
2026-04-27 22:10:46.273 [info] > git show --textconv :waybar/style.css [11ms]
2026-04-27 22:10:46.274 [info] > git ls-files --stage -- waybar/style.css [2ms]
2026-04-27 22:10:46.289 [info] > git cat-file -s 18ab21685bdb7796226f950e3fc9e617c78c3bfe [4ms]
2026-04-27 22:11:04.206 [info] > git ls-tree -l HEAD -- waybar/style.css [1ms]
2026-04-27 22:11:05.251 [info] > git ls-tree -l HEAD -- waybar/style.css [2ms]
2026-04-27 22:11:06.407 [info] > git ls-tree -l HEAD -- waybar/style.css [1ms]
